library/build/intermediates/manifest_merge_blame_file/debug/manifest-merger-blame-debug-report.txt
1<?xml version="1.0" encoding="utf-8"?>
2<manifest xmlns:android="http://schemas.android.com/apk/res/android"
3    package="cn.droidlover.xrecyclerview"
4    android:versionCode="1" >
5
6    <uses-sdk
7        android:minSdkVersion="15"
7-->src\main\AndroidManifest.xml
8        android:targetSdkVersion="29" />
8-->src\main\AndroidManifest.xml
9
10    <application
10-->src\main\AndroidManifest.xml:4:5-7:19
11        android:allowBackup="true"
11-->src\main\AndroidManifest.xml:4:18-44
12        android:label="@string/app_name"
12-->src\main\AndroidManifest.xml:4:45-77
13        android:supportsRtl="true" >
13-->src\main\AndroidManifest.xml:5:9-35
14    </application>
15
16</manifest>